Arguments: 
  C:\Program Files\nodejs\node.exe C:\Program Files (x86)\Yarn\bin\yarn.js add axios

PATH: 
  C:\Program Files\Microsoft MPI\Bin\;C:\Program Files (x86)\Common Files\Intel\Shared Libraries\redist\intel64\compiler;C:\Program Files (x86)\Common Files\Oracle\Java\javapath;C:\WINDOWS\system32;C:\WINDOWS;C:\WINDOWS\System32\Wbem;C:\WINDOWS\System32\WindowsPowerShell\v1.0\;C:\WINDOWS\System32\OpenSSH\;C:\Program Files\Git\cmd;C:\Program Files (x86)\Yarn\bin\;C:\Users\MNasi\AppData\Local\Android\sdk\platform-tools;C:\Program Files (x86)\Microsoft VS Code Insiders\bin;";C:\Python27\;C:\Python27\Scripts\";C:\OpenSSL\bin\;C:\Program Files (x86)\Intel\Intel(R) Management Engine Components\DAL;C:\Program Files\Intel\Intel(R) Management Engine Components\DAL;C:\Program Files\Intel\WiFi\bin\;C:\Program Files\Common Files\Intel\WirelessCommon\;C:\Program Files\Microsoft SQL Server\Client SDK\ODBC\170\Tools\Binn\;C:\Program Files (x86)\Microsoft SQL Server\150\Tools\Binn\;C:\Program Files\Microsoft SQL Server\150\Tools\Binn\;C:\Program Files\Microsoft SQL Server\150\DTS\Binn\;C:\Program Files\PuTTY\;C:\Program Files\MySQL\MySQL Shell 8.0\bin;C:\Program Files\MySQL\MySQL Server 8.0\bin;C:\Program Files\swipl\bin;C:\Program Files\Amazon\AWSCLIV2\;C:\Program Files\nodejs\;C:\Path_program;C:\Program Files\Java\jdk1.8.0_211\bin;C:\Users\MNasi\.cargo\bin;C:\Users\MNasi\AppData\Local\Microsoft\WindowsApps;C:\Program Files (x86)\Microsoft VS Code Insiders\bin;C:\Users\MNasi\AppData\Local\Yarn\bin;C:\Users\MNasi\AppData\Local\Android\Sdk\platform-tools;C:\Program Files\heroku\bin;C:\Program Files\MongoDB\Server\4.2\bin\;C:\Users\MNasi\AppData\Roaming\npm;C:\Program Files\Java\jdk1.8.0_211\bin;

Yarn version: 
  1.15.2

Node version: 
  14.15.4

Platform: 
  win32 x64

Trace: 
  Error: ENOSPC: no space left on device, copyfile 'C:\Users\MNasi\AppData\Local\Yarn\Cache\v4\npm-@expo-config-plugins-3.0.5-9390403d7bf49bf35219c0922bf7bf6d81390988\node_modules\@expo\config-plugins\build\ios\UsesNonExemptEncryption.js.map' -> 'F:\JFTech\wakandha\code_3\node_modules\expo-app-auth\node_modules\@expo\config-plugins\build\ios\UsesNonExemptEncryption.js.map'

npm manifest: 
  {
    "main": "node_modules/expo/AppEntry.js",
    "scripts": {
      "start": "expo start",
      "android": "expo start --android",
      "ios": "expo start --ios",
      "web": "expo start --web",
      "eject": "expo eject"
    },
    "dependencies": {
      "@react-native-community/clipboard": "^1.5.1",
      "@react-native-community/datetimepicker": "3.0.4",
      "@react-native-community/masked-view": "0.1.10",
      "@react-native-community/slider": "^3.0.3",
      "@twotalltotems/react-native-otp-input": "^1.3.11",
      "axios": "^0.19.2",
      "cli": "^1.0.1",
      "expo": "^40.0.0",
      "expo-activity-feed": "^1.1.0",
      "expo-app-auth": "^10.0.0",
      "expo-asset": "^8.2.2",
      "expo-device": "^3.1.1",
      "expo-facebook": "^10.0.0",
      "expo-font": "^9.0.0",
      "expo-google-app-auth": "^8.1.4",
      "expo-image-picker": "~9.2.0",
      "expo-permissions": "~10.0.0",
      "expo-svg-uri": "^1.1.0",
      "getsocial-react-native-sdk": "^7.1.5",
      "getstream": "^7.2.10",
      "install": "^0.13.0",
      "moment": "^2.24.0",
      "native-base": "^2.13.8",
      "rc-swipeout": "^2.0.11",
      "react": "16.13.1",
      "react-dom": "16.13.1",
      "react-native": "https://github.com/expo/react-native/archive/sdk-40.0.1.tar.gz",
      "react-native-animated-emoji": "^0.1.4",
      "react-native-app-intro-slider": "^4.0.2",
      "react-native-dimension": "^1.0.6",
      "react-native-elements": "^1.2.7",
      "react-native-geocoding": "^0.4.0",
      "react-native-gesture-handler": "~1.8.0",
      "react-native-google-maps-directions": "^2.1.1",
      "react-native-gradient-buttons": "^2.0.2",
      "react-native-infoslider": "^1.2.0",
      "react-native-ionicons": "^4.6.3",
      "react-native-maps": "0.27.1",
      "react-native-modal-datetime-picker": "^8.5.4",
      "react-native-otp-inputs": "^6.0.0",
      "react-native-otp-textinput": "0.0.8",
      "react-native-paper": "^3.9.0",
      "react-native-range-slider-expo": "^1.4.0",
      "react-native-reanimated": "~1.13.0",
      "react-native-responsive-screen": "^1.4.0",
      "react-native-safe-area-context": "3.1.9",
      "react-native-safe-area-view": "^1.0.0",
      "react-native-screens": "^2.17.1",
      "react-native-simple-radio-button": "^2.7.4",
      "react-native-svg": "12.1.0",
      "react-native-svg-uri": "^1.2.3",
      "react-native-swipeout": "^2.3.6",
      "react-native-swiper": "^1.6.0",
      "react-native-web": "~0.13.12",
      "react-navigation": "^4.0.10",
      "react-navigation-drawer": "^2.3.3",
      "react-navigation-material-bottom-tabs": "^2.2.2",
      "react-navigation-stack": "^2.0.1",
      "react-reactions": "^0.1.3",
      "react-switch": "^5.0.1",
      "toggle-switch-react-native": "^2.1.0"
    },
    "devDependencies": {
      "babel-preset-expo": "8.3.0",
      "@babel/core": "~7.9.0"
    },
    "private": true
  }

yarn manifest: 
  No manifest

Lockfile: 
  No lockfile
